<?xml version="1.0" encoding="UTF-8"?>
<!-- Generated by org.testng.reporters.JUnitXMLReporter -->
<testsuite hostname="Rushs-MacBook-Pro-4.local" name="ChromeTest" tests="3" failures="0" timestamp="11 Oct 2016 22:07:21 GMT" time="7.586" errors="0">
  <testcase name="clickPages" time="1.197" classname="webSite1.WebSite1Auto"/>
  <testcase name="clickPages2" time="1.812" classname="webSite1.WebSite1Auto"/>
  <testcase name="clickPages3" time="1.478" classname="webSite1.WebSite1Auto"/>
</testsuite> <!-- ChromeTest -->
