<?xml version="1.0" encoding="UTF-8"?>
<!-- Generated by org.testng.reporters.JUnitXMLReporter -->
<testsuite hostname="Rushs-MacBook-Pro-4.local" name="SafariTest" tests="3" failures="0" timestamp="11 Oct 2016 22:07:42 GMT" time="20.625" errors="0">
  <testcase name="@BeforeTest openBrowser" time="0.0" classname="webSite1.WebSite1Auto">
    <failure type="org.openqa.selenium.WebDriverException" message="The driver server has unexpectedly died!
Build info: version: &amp;apos;unknown&amp;apos;, revision: &amp;apos;3169782&amp;apos;, time: &amp;apos;2016-09-29 10:24:50 -0700&amp;apos;
System info: host: &amp;apos;Rushs-MacBook-Pro-4.local&amp;apos;, ip: &amp;apos;192.168.1.111&amp;apos;, os.name: &amp;apos;Mac OS X&amp;apos;, os.arch: &amp;apos;x86_64&amp;apos;, os.version: &amp;apos;10.12&amp;apos;, java.version: &amp;apos;1.8.0_73&amp;apos;
Driver info: driver.version: SafariDriver">
      <![CDATA[org.openqa.selenium.WebDriverException: The driver server has unexpectedly died!
Build info: version: 'unknown', revision: '3169782', time: '2016-09-29 10:24:50 -0700'
System info: host: 'Rushs-MacBook-Pro-4.local', ip: '192.168.1.111', os.name: 'Mac OS X', os.arch: 'x86_64', os.version: '10.12', java.version: '1.8.0_73'
Driver info: driver.version: SafariDriver
	at org.openqa.selenium.remote.service.DriverCommandExecutor.execute(DriverCommandExecutor.java:88)
	at org.openqa.selenium.remote.RemoteWebDriver.execute(RemoteWebDriver.java:602)
	at org.openqa.selenium.remote.RemoteWebDriver.startSession(RemoteWebDriver.java:242)
	at org.openqa.selenium.remote.RemoteWebDriver.<init>(RemoteWebDriver.java:129)
	at org.openqa.selenium.safari.SafariDriver.<init>(SafariDriver.java:62)
	at org.openqa.selenium.safari.SafariDriver.<init>(SafariDriver.java:42)
	at webSite1.WebSite1Auto.openBrowser(WebSite1Auto.java:37)
Caused by: org.apache.http.conn.HttpHostConnectException: Connect to localhost:37600 [localhost/127.0.0.1, localhost/0:0:0:0:0:0:0:1] failed: Connection refused
	at org.apache.http.impl.conn.DefaultHttpClientConnectionOperator.connect(DefaultHttpClientConnectionOperator.java:158)
	at org.apache.http.impl.conn.PoolingHttpClientConnectionManager.connect(PoolingHttpClientConnectionManager.java:353)
	at org.apache.http.impl.execchain.MainClientExec.establishRoute(MainClientExec.java:380)
	at org.apache.http.impl.execchain.MainClientExec.execute(MainClientExec.java:236)
	at org.apache.http.impl.execchain.ProtocolExec.execute(ProtocolExec.java:184)
	at org.apache.http.impl.execchain.RetryExec.execute(RetryExec.java:88)
	at org.apache.http.impl.execchain.RedirectExec.execute(RedirectExec.java:110)
	at org.apache.http.impl.client.InternalHttpClient.doExecute(InternalHttpClient.java:184)
	at org.apache.http.impl.client.CloseableHttpClient.execute(CloseableHttpClient.java:71)
	at org.apache.http.impl.client.CloseableHttpClient.execute(CloseableHttpClient.java:55)
	at org.openqa.selenium.remote.internal.ApacheHttpClient.fallBackExecute(ApacheHttpClient.java:142)
	at org.openqa.selenium.remote.internal.ApacheHttpClient.execute(ApacheHttpClient.java:88)
	at org.openqa.selenium.remote.ProtocolHandshake.createSession(ProtocolHandshake.java:97)
	at org.openqa.selenium.remote.ProtocolHandshake.createSession(ProtocolHandshake.java:55)
	at org.openqa.selenium.remote.HttpCommandExecutor.execute(HttpCommandExecutor.java:141)
	at org.openqa.selenium.remote.service.DriverCommandExecutor.execute(DriverCommandExecutor.java:82)
	... 29 more
Caused by: java.net.ConnectException: Connection refused
	at java.net.PlainSocketImpl.socketConnect(Native Method)
	at java.net.AbstractPlainSocketImpl.doConnect(AbstractPlainSocketImpl.java:350)
	at java.net.AbstractPlainSocketImpl.connectToAddress(AbstractPlainSocketImpl.java:206)
	at java.net.AbstractPlainSocketImpl.connect(AbstractPlainSocketImpl.java:188)
	at java.net.SocksSocketImpl.connect(SocksSocketImpl.java:392)
	at java.net.Socket.connect(Socket.java:589)
	at org.apache.http.conn.socket.PlainConnectionSocketFactory.connectSocket(PlainConnectionSocketFactory.java:74)
	at org.apache.http.impl.conn.DefaultHttpClientConnectionOperator.connect(DefaultHttpClientConnectionOperator.java:141)
	... 44 more
... Removed 23 stack frames]]>
    </failure>
  </testcase> <!-- @BeforeTest openBrowser -->
  <testcase name="@BeforeMethod verifyTitle" time="0.0" classname="webSite1.WebSite1Auto">
    <skipped/>
  </testcase> <!-- @BeforeMethod verifyTitle -->
  <testcase name="@AfterMethod returnPage" time="0.0" classname="webSite1.WebSite1Auto">
    <skipped/>
  </testcase> <!-- @AfterMethod returnPage -->
  <testcase name="@BeforeMethod verifyTitle" time="0.0" classname="webSite1.WebSite1Auto">
    <skipped/>
  </testcase> <!-- @BeforeMethod verifyTitle -->
  <testcase name="@AfterMethod returnPage" time="0.0" classname="webSite1.WebSite1Auto">
    <skipped/>
  </testcase> <!-- @AfterMethod returnPage -->
  <testcase name="@BeforeMethod verifyTitle" time="0.0" classname="webSite1.WebSite1Auto">
    <skipped/>
  </testcase> <!-- @BeforeMethod verifyTitle -->
  <testcase name="@AfterMethod returnPage" time="0.0" classname="webSite1.WebSite1Auto">
    <skipped/>
  </testcase> <!-- @AfterMethod returnPage -->
  <testcase name="@AfterTest driverQuite" time="0.0" classname="webSite1.WebSite1Auto">
    <skipped/>
  </testcase> <!-- @AfterTest driverQuite -->
  <testcase name="clickPages" time="0.0" classname="webSite1.WebSite1Auto">
    <skipped/>
  </testcase> <!-- clickPages -->
  <testcase name="clickPages2" time="0.001" classname="webSite1.WebSite1Auto">
    <skipped/>
  </testcase> <!-- clickPages2 -->
  <testcase name="clickPages3" time="0.001" classname="webSite1.WebSite1Auto">
    <skipped/>
  </testcase> <!-- clickPages3 -->
</testsuite> <!-- SafariTest -->
